<?xml version="1.0" encoding="UTF-8"?>
<TestRun id="6168cb21-8bd8-4cac-8b4a-a9ca36690669" name="hooyes@HOOYES-ITALKBB 2010-12-03 09:56:36" runUser="hooyes-italkbb\hooyes" xmlns="http://microsoft.com/schemas/VisualStudio/TeamTest/2010">
  <TestSettings name="Local" id="1571751d-0454-4122-bb1a-a3c74c559dda">
    <Description>These are default test settings for a local test run.</Description>
    <Deployment userDeploymentRoot="E:\hooyes.Me.Widget\hooyes.Web\hooyes.OAuth\TestResults" useDefaultDeploymentRoot="false" enabled="false" runDeploymentRoot="hooyes_HOOYES-ITALKBB 2010-12-03 09_56_36">
      <DeploymentItem filename="E:\hooyes.Me.Widget\hooyes.Web\hooyes.OAuth\Lib\Ninject\Ninject.dll" />
      <DeploymentItem filename="E:\hooyes.Me.Widget\hooyes.Web\hooyes.OAuth\Core\OAuth.MVC.Library\bin\Debug\OAuth.MVC.Library.dll" />
      <DeploymentItem filename="E:\hooyes.Me.Widget\hooyes.Web\hooyes.OAuth\Lib\Ninject\Ninject.Web.Mvc.dll" />
      <DeploymentItem filename="E:\hooyes.Me.Widget\hooyes.Web\hooyes.OAuth\Core\OAuth.Web\bin\Debug\OAuth.Web.dll" />
      <DeploymentItem filename="E:\hooyes.Me.Widget\hooyes.Web\hooyes.OAuth\Core\OAuth.Core\bin\Debug\OAuth.Core.dll" />
    </Deployment>
    <Execution>
      <TestTypeSpecific />
      <AgentRule name="Execution Agents">
      </AgentRule>
    </Execution>
  </TestSettings>
  <Times creation="2010-12-03T09:56:36.1848876+08:00" queuing="2010-12-03T09:56:40.9191584+08:00" start="2010-12-03T09:56:41.0931684+08:00" finish="2010-12-03T09:57:40.1705474+08:00" />
  <ResultSummary outcome="Failed">
    <Counters total="1" executed="1" error="0" failed="1" timeout="0" aborted="0" inconclusive="0" passedButRunAborted="0" notRunnable="0" notExecuted="0" disconnected="0" warning="0" passed="0" completed="0" inProgress="0" pending="0" />
  </ResultSummary>
  <TestDefinitions>
    <UnitTest name="RequestTokenTest" storage="e:\hooyes.me.widget\hooyes.web\hooyes.oauth\testproject1\bin\debug\testproject1.dll" id="0c8633f7-605f-a610-640d-bf6d4c8b2e00">
      <Execution id="1bc6e1ac-4b6c-4b1d-aec7-f773ea56d428" />
      <TestMethod codeBase="E:/hooyes.Me.Widget/hooyes.Web/hooyes.OAuth/TestProject1/bin/Debug/TestProject1.DLL" adapterTypeName="Microsoft.VisualStudio.TestTools.TestTypes.Unit.UnitTestAdapter, Microsoft.VisualStudio.QualityTools.Tips.UnitTest.Adapter, Version=10.0.0.0, Culture=neutral, PublicKeyToken=b03f5f7f11d50a3a" className="TestProject1.OAuthControllerTest, TestProject1, Version=1.0.0.0, Culture=neutral, PublicKeyToken=null" name="RequestTokenTest" />
    </UnitTest>
  </TestDefinitions>
  <TestLists>
    <TestList name="Results Not in a List" id="8c84fa94-04c1-424b-9868-57a2d4851a1d" />
    <TestList name="All Loaded Results" id="19431567-8539-422a-85d7-44ee4e166bda" />
  </TestLists>
  <TestEntries>
    <TestEntry testId="0c8633f7-605f-a610-640d-bf6d4c8b2e00" executionId="1bc6e1ac-4b6c-4b1d-aec7-f773ea56d428" testListId="8c84fa94-04c1-424b-9868-57a2d4851a1d" />
  </TestEntries>
  <Results>
    <UnitTestResult executionId="1bc6e1ac-4b6c-4b1d-aec7-f773ea56d428" testId="0c8633f7-605f-a610-640d-bf6d4c8b2e00" testName="RequestTokenTest" computerName="HOOYES-ITALKBB" duration="00:00:57.3255670" startTime="2010-12-03T09:56:41.2391767+08:00" endTime="2010-12-03T09:57:39.9665357+08:00" testType="13cdc9d9-ddb5-4fa4-a97d-d965ccfc6d4b" outcome="Failed" testListId="8c84fa94-04c1-424b-9868-57a2d4851a1d" relativeResultsDirectory="1bc6e1ac-4b6c-4b1d-aec7-f773ea56d428">
      <Output>
        <ErrorInfo>
          <Message>Test method TestProject1.OAuthControllerTest.RequestTokenTest threw exception: 
System.NullReferenceException: Object reference not set to an instance of an object.</Message>
          <StackTrace>    at OAuth.MVC.Library.Controllers.OAuthController.RequestToken() in E:\hooyes.Me.Widget\hooyes.Web\hooyes.OAuth\Core\OAuth.MVC.Library\Controllers\OAuthController.cs:line 22
   at TestProject1.OAuthControllerTest.RequestTokenTest() in E:\hooyes.Me.Widget\hooyes.Web\hooyes.OAuth\TestProject1\OAuthControllerTest.cs:line 80
</StackTrace>
        </ErrorInfo>
      </Output>
    </UnitTestResult>
  </Results>
</TestRun>